Streaming transaction logs mentioning F6NKeaoPbchYnbcJZ5YSAqfMcHuP7GLExTuDK3qmgtgW. Confirmed commitment
Transaction executed in slot 6:
  Signature: 3Eyr3awXL29mv6GKJ76PhBhbEHhnUiG5vXmLRm5ghzDbmfBj9ZbR23yr9N14XdvTHQBiybSfNGwD2b4VFTus9pcd
  Status: Ok
  Log Messages:
    Program F6NKeaoPbchYnbcJZ5YSAqfMcHuP7GLExTuDK3qmgtgW invoke [1]
    Program log: Instruction: Initialize
    Program 11111111111111111111111111111111 invoke [2]
    Program 11111111111111111111111111111111 success
    Program F6NKeaoPbchYnbcJZ5YSAqfMcHuP7GLExTuDK3qmgtgW consumed 12229 of 200000 compute units
    Program F6NKeaoPbchYnbcJZ5YSAqfMcHuP7GLExTuDK3qmgtgW success
Transaction executed in slot 7:
  Signature: 3nx3XeYYKeDHqrunUsdCiyexYmxxRF1ENWmn8LHyrZqWWL9DqxXX9oPZR5VmzAk53gvdEgx4Z3GxdCBin7qCnGrV
  Status: Ok
  Log Messages:
    Program F6NKeaoPbchYnbcJZ5YSAqfMcHuP7GLExTuDK3qmgtgW invoke [1]
    Program log: Instruction: Initialize
    Program 11111111111111111111111111111111 invoke [2]
    Program 11111111111111111111111111111111 success
    Program F6NKeaoPbchYnbcJZ5YSAqfMcHuP7GLExTuDK3qmgtgW consumed 10679 of 200000 compute units
    Program F6NKeaoPbchYnbcJZ5YSAqfMcHuP7GLExTuDK3qmgtgW success
Transaction executed in slot 9:
  Signature: 26FWfggAZuKpVzmyNZKZF9RRnMHiW1Gv1Bk1d18kUvWsEdemnGkvwWcWQHrC8JZrBfNcnBjgeYmAmZPHaMtPzeUB
  Status: Ok
  Log Messages:
    Program F6NKeaoPbchYnbcJZ5YSAqfMcHuP7GLExTuDK3qmgtgW invoke [1]
    Program log: Instruction: LikeTweet
    Program 11111111111111111111111111111111 invoke [2]
    Program 11111111111111111111111111111111 success
    Program F6NKeaoPbchYnbcJZ5YSAqfMcHuP7GLExTuDK3qmgtgW consumed 12629 of 200000 compute units
    Program F6NKeaoPbchYnbcJZ5YSAqfMcHuP7GLExTuDK3qmgtgW success
Transaction executed in slot 10:
  Signature: 3W5X26cA4dzSauoSZU6n7EPA1avypUz1n5YxUb1wutArXep7gR71XzCGFh2AQ4z2oQgdWdhiWTjtQFrLvUx5SbeH
  Status: Ok
  Log Messages:
    Program F6NKeaoPbchYnbcJZ5YSAqfMcHuP7GLExTuDK3qmgtgW invoke [1]
    Program log: Instruction: DislikeTweet
    Program 11111111111111111111111111111111 invoke [2]
    Program 11111111111111111111111111111111 success
    Program F6NKeaoPbchYnbcJZ5YSAqfMcHuP7GLExTuDK3qmgtgW consumed 18618 of 200000 compute units
    Program F6NKeaoPbchYnbcJZ5YSAqfMcHuP7GLExTuDK3qmgtgW success
Transaction executed in slot 11:
  Signature: 3ZMdpCyBjhZJe1q87ARckQqrXaw7zikX6KFaVbM2uxYqeEMSoRHwbGxSvLaygMyMHoYi2p1GJbYcg32ELZmkrL17
  Status: Ok
  Log Messages:
    Program F6NKeaoPbchYnbcJZ5YSAqfMcHuP7GLExTuDK3qmgtgW invoke [1]
    Program log: Instruction: ReactionRemove
    Program F6NKeaoPbchYnbcJZ5YSAqfMcHuP7GLExTuDK3qmgtgW consumed 14028 of 200000 compute units
    Program F6NKeaoPbchYnbcJZ5YSAqfMcHuP7GLExTuDK3qmgtgW success
Transaction executed in slot 12:
  Signature: 2v37kj8mV311shLLVP8odm2Zchu3aXuL6jNVqg9S4kH7UrFU5Je4P3Hnoax6RBa5gkG6o1ETAahiUWsG4B1Rubac
  Status: Ok
  Log Messages:
    Program F6NKeaoPbchYnbcJZ5YSAqfMcHuP7GLExTuDK3qmgtgW invoke [1]
    Program log: Instruction: LikeTweet
    Program 11111111111111111111111111111111 invoke [2]
    Program 11111111111111111111111111111111 success
    Program F6NKeaoPbchYnbcJZ5YSAqfMcHuP7GLExTuDK3qmgtgW consumed 18620 of 200000 compute units
    Program F6NKeaoPbchYnbcJZ5YSAqfMcHuP7GLExTuDK3qmgtgW success
Transaction executed in slot 13:
  Signature: 2de1yuExD9aXCyTCcJNAaKSK6JoT1Cegqn7SRNTV6Q3uyBEi8v1c1uVEnCmTW1ypc9om6fEmsUgtNt4yWaYQp8vc
  Status: Ok
  Log Messages:
    Program F6NKeaoPbchYnbcJZ5YSAqfMcHuP7GLExTuDK3qmgtgW invoke [1]
    Program log: Instruction: CommentTweet
    Program 11111111111111111111111111111111 invoke [2]
    Program 11111111111111111111111111111111 success
    Program F6NKeaoPbchYnbcJZ5YSAqfMcHuP7GLExTuDK3qmgtgW consumed 15169 of 200000 compute units
    Program F6NKeaoPbchYnbcJZ5YSAqfMcHuP7GLExTuDK3qmgtgW success
Transaction executed in slot 14:
  Signature: 3iDBa5MbUxw75QzaeFPRU5g4REeMFXWKuKhUmhMgk9i7KpX5AwAerJfrv5MdoiXqywvFGgZ5eAm3ghak9vekRYkZ
  Status: Ok
  Log Messages:
    Program F6NKeaoPbchYnbcJZ5YSAqfMcHuP7GLExTuDK3qmgtgW invoke [1]
    Program log: Instruction: CommentRemove
    Program F6NKeaoPbchYnbcJZ5YSAqfMcHuP7GLExTuDK3qmgtgW consumed 4342 of 200000 compute units
    Program F6NKeaoPbchYnbcJZ5YSAqfMcHuP7GLExTuDK3qmgtgW success
